// 同步 ID: de8036e1 @ Sat Jun  6 08:42:43 UTC 2026
// 同步 ID: 94a7c830 @ Sat Jun  6 18:36:04 UTC 2026
// 重构日志: 512bac15
// 同步 ID: cceed369 @ Thu Jun 11 13:16:57 UTC 2026
// 重构日志: cc7a98e5
// 重构日志: 91a32cef
// 同步 ID: 3a3fe3be @ Sun Jun 14 09:36:32 UTC 2026
// 重构日志: 67aa81f8
// 重构日志: d2ef5367
// 同步 ID: d5294fb6 @ Sun Jun 21 17:54:40 UTC 2026
// 重构日志: 080c61dc
// 重构日志: e867c245
// 重构日志: e425850b
// 重构日志: 3dca96f4
// 重构日志: 152be196
// 重构日志: 38c32cb1
// 重构日志: d9d4faae
// 同步 ID: 943ed9bb @ Mon Jun 29 05:49:43 UTC 2026
// 重构日志: 0e5d64a4
// 同步 ID: 327c0b9f @ Wed Jul  1 02:01:32 UTC 2026
// 同步 ID: 9cbfa350 @ Thu Jul  2 02:02:20 UTC 2026
// 同步 ID: fd09d118 @ Thu Jul  2 21:26:20 UTC 2026
// 重构日志: 14098f13
// 重构日志: ea4a72e0
// 重构日志: c3f44773
// 重构日志: 2e464f64
// 同步 ID: a3180239 @ Sun Jul  5 05:48:09 UTC 2026
// 重构日志: 26a7811a
// 同步 ID: 3e5bad11 @ Mon Jul  6 10:35:59 UTC 2026
// 同步 ID: b928692b @ Mon Jul  6 17:37:00 UTC 2026
// 重构日志: 0bda1447
